Removed Pin From Net: NetName=NetR5_1 Pin=RPI1-12
Removed Pin From Net: NetName=NetR6_1 Pin=RPI1-16
Removed Pin From Net: NetName=NetR9_1 Pin=RPI1-32
Removed Pin From Net: NetName=NetR10_1 Pin=RPI1-36
Change Component Designator: OldDesignator=R? NewDesignator=R2
Added Component: Designator=R3(RESC1005X40X25NL05T10)
Added Component: Designator=R4(RESC1005X40X25NL05T10)
Added Component: Designator=R5(RESC1005X40X25NL05T10)
Added Component: Designator=R6(RESC1005X40X25NL05T10)
Added Component: Designator=R7(RESC1005X40X25NL05T10)
Added Component: Designator=R8(RESC1005X40X25NL05T10)
Added Component: Designator=R9(RESC1005X40X25NL05T10)
Added Component: Designator=R10(RESC1005X40X25NL05T10)
Added Component: Designator=R11(RESC1005X40X25NL05T10)
Added Component: Designator=R12(RESC1005X40X25NL05T10)
Added Component: Designator=R13(RESC1005X40X25ML10T10)
Add component (AddParameter): Name = "Case/Package"; Value = "0402"; VariantName = "[No Variations]"
Add component (AddParameter): Name = "Max Operating Temperature"; Value = "155°C"; VariantName = "[No Variations]"
Add component (AddParameter): Name = "Min Operating Temperature"; Value = "-55°C"; VariantName = "[No Variations]"
Add component (AddParameter): Name = "Mounting Technology"; Value = "SM"; VariantName = "[No Variations]"
Add component (AddParameter): Name = "Pins"; Value = "2"; VariantName = "[No Variations]"
Add component (AddParameter): Name = "Power"; Value = "63mW"; VariantName = "[No Variations]"
Add component (AddParameter): Name = "RoHS Compliant"; Value = "True"; VariantName = "[No Variations]"
Add component (AddParameter): Name = "Tolerance"; Value = "5%"; VariantName = "[No Variations]"
Add component (AddParameter): Name = "Value"; Value = "33k"; VariantName = "[No Variations]"
Add component (AddParameter): Name = "Voltage Rating"; Value = ""; VariantName = "[No Variations]"
Added Component: Designator=R14(RESC1005X40X25ML10T10)
Add component (AddParameter): Name = "Case/Package"; Value = "0402"; VariantName = "[No Variations]"
Add component (AddParameter): Name = "Max Operating Temperature"; Value = "155°C"; VariantName = "[No Variations]"
Add component (AddParameter): Name = "Min Operating Temperature"; Value = "-55°C"; VariantName = "[No Variations]"
Add component (AddParameter): Name = "Mounting Technology"; Value = "SM"; VariantName = "[No Variations]"
Add component (AddParameter): Name = "Pins"; Value = "2"; VariantName = "[No Variations]"
Add component (AddParameter): Name = "Power"; Value = "63mW"; VariantName = "[No Variations]"
Add component (AddParameter): Name = "RoHS Compliant"; Value = "True"; VariantName = "[No Variations]"
Add component (AddParameter): Name = "Tolerance"; Value = "5%"; VariantName = "[No Variations]"
Add component (AddParameter): Name = "Value"; Value = "33k"; VariantName = "[No Variations]"
Add component (AddParameter): Name = "Voltage Rating"; Value = ""; VariantName = "[No Variations]"
Added Component: Designator=R15(RESC1005X40X25ML10T10)
Add component (AddParameter): Name = "Case/Package"; Value = "0402"; VariantName = "[No Variations]"
Add component (AddParameter): Name = "Max Operating Temperature"; Value = "155°C"; VariantName = "[No Variations]"
Add component (AddParameter): Name = "Min Operating Temperature"; Value = "-55°C"; VariantName = "[No Variations]"
Add component (AddParameter): Name = "Mounting Technology"; Value = "SM"; VariantName = "[No Variations]"
Add component (AddParameter): Name = "Pins"; Value = "2"; VariantName = "[No Variations]"
Add component (AddParameter): Name = "Power"; Value = "63mW"; VariantName = "[No Variations]"
Add component (AddParameter): Name = "RoHS Compliant"; Value = "True"; VariantName = "[No Variations]"
Add component (AddParameter): Name = "Tolerance"; Value = "5%"; VariantName = "[No Variations]"
Add component (AddParameter): Name = "Value"; Value = "33k"; VariantName = "[No Variations]"
Add component (AddParameter): Name = "Voltage Rating"; Value = ""; VariantName = "[No Variations]"
Added Component: Designator=R16(RESC1005X40X25ML10T10)
Add component (AddParameter): Name = "Case/Package"; Value = "0402"; VariantName = "[No Variations]"
Add component (AddParameter): Name = "Max Operating Temperature"; Value = "155°C"; VariantName = "[No Variations]"
Add component (AddParameter): Name = "Min Operating Temperature"; Value = "-55°C"; VariantName = "[No Variations]"
Add component (AddParameter): Name = "Mounting Technology"; Value = "SM"; VariantName = "[No Variations]"
Add component (AddParameter): Name = "Pins"; Value = "2"; VariantName = "[No Variations]"
Add component (AddParameter): Name = "Power"; Value = "63mW"; VariantName = "[No Variations]"
Add component (AddParameter): Name = "RoHS Compliant"; Value = "True"; VariantName = "[No Variations]"
Add component (AddParameter): Name = "Tolerance"; Value = "5%"; VariantName = "[No Variations]"
Add component (AddParameter): Name = "Value"; Value = "33k"; VariantName = "[No Variations]"
Add component (AddParameter): Name = "Voltage Rating"; Value = ""; VariantName = "[No Variations]"
Added Pin To Net: NetName=NetPressureData1_1 Pin=R3-2
Added Pin To Net: NetName=NetPressureData1_2 Pin=R4-2
Added Pin To Net: NetName=NetR5_1 Pin=R5-1
Added Pin To Net: NetName=NetPressureData2_1 Pin=R5-2
Added Pin To Net: NetName=NetR6_1 Pin=R6-1
Added Pin To Net: NetName=NetPressureData2_2 Pin=R6-2
Added Pin To Net: NetName=NetPressureData3_1 Pin=R7-2
Added Pin To Net: NetName=NetPressureData3_2 Pin=R8-2
Added Pin To Net: NetName=NetR9_1 Pin=R9-1
Added Pin To Net: NetName=NetActuator 2_3 Pin=R9-2
Added Pin To Net: NetName=NetR10_1 Pin=R10-1
Added Pin To Net: NetName=NetActuator 2_4 Pin=R10-2
Added Pin To Net: NetName=NetActuator 3_3 Pin=R11-2
Added Pin To Net: NetName=NetActuator 3_4 Pin=R12-2
Added Pin To Net: NetName=GND Pin=R13-1
Added Pin To Net: NetName=NetR1_1 Pin=R13-2
Added Pin To Net: NetName=GND Pin=R14-1
Added Pin To Net: NetName=GND Pin=R15-1
Added Pin To Net: NetName=NetR9_1 Pin=R15-2
Added Pin To Net: NetName=GND Pin=R16-1
Added Pin To Net: NetName=NetR10_1 Pin=R16-2
Add Pin To Net: Unknown Pin: Pin R19-1
Add Pin To Net: Unknown Pin: Pin R20-1
Add Pin To Net: Unknown Pin: Pin R21-1
Add Pin To Net: Unknown Pin: Pin R21-2
Add Pin To Net: Unknown Pin: Pin R22-1
Add Pin To Net: Unknown Pin: Pin R22-2
Add Pin To Net: Unknown Pin: Pin R23-1
Add Pin To Net: Unknown Pin: Pin R24-1
Added Pin To Net: NetName=NetR9_1 Pin=RPI1-12
Added Pin To Net: NetName=NetR10_1 Pin=RPI1-16
Added Pin To Net: NetName=NetR5_1 Pin=U?-3
Added Pin To Net: NetName=NetR6_1 Pin=U?-4
Added Pin To Net: NetName=NetR2_1 Pin=R2-1
Added Pin To Net: NetName=NetR2_1 Pin=R14-2
Added Pin To Net: NetName=NetR2_1 Pin=RPI1-31
Added Net: Name=NetR2_1
Added Pin To Net: NetName=NetR3_1 Pin=R3-1
Added Pin To Net: NetName=NetR3_1 Pin=U?-1
Added Net: Name=NetR3_1
Added Pin To Net: NetName=NetR4_1 Pin=R4-1
Added Pin To Net: NetName=NetR4_1 Pin=U?-2
Added Net: Name=NetR4_1
Added Pin To Net: NetName=NetR7_1 Pin=R7-1
Added Pin To Net: NetName=NetR7_1 Pin=U?-5
Added Net: Name=NetR7_1
Added Pin To Net: NetName=NetR8_1 Pin=R8-1
Added Pin To Net: NetName=NetR8_1 Pin=U?-6
Added Net: Name=NetR8_1
Added Pin To Net: NetName=NetR11_1 Pin=R11-1
Added Pin To Net: NetName=NetR11_1 Pin=RPI1-32
Added Net: Name=NetR11_1
Added Pin To Net: NetName=NetR12_1 Pin=R12-1
Added Pin To Net: NetName=NetR12_1 Pin=RPI1-36
Added Net: Name=NetR12_1
Added Member To Class: ClassName=RPI 3 Member=Component R3 RC0402JR-0718KL
Added Member To Class: ClassName=RPI 3 Member=Component R4 RC0402JR-0718KL
Added Member To Class: ClassName=RPI 3 Member=Component R5 RC0402JR-0718KL
Added Member To Class: ClassName=RPI 3 Member=Component R6 RC0402JR-0718KL
Added Member To Class: ClassName=RPI 3 Member=Component R7 RC0402JR-0718KL
Added Member To Class: ClassName=RPI 3 Member=Component R8 RC0402JR-0718KL
Added Member To Class: ClassName=RPI 3 Member=Component R9 RC0402JR-0718KL
Added Member To Class: ClassName=RPI 3 Member=Component R10 RC0402JR-0718KL
Added Member To Class: ClassName=RPI 3 Member=Component R11 RC0402JR-0718KL
Added Member To Class: ClassName=RPI 3 Member=Component R12 RC0402JR-0718KL
Added Member To Class: ClassName=RPI 3 Member=Component R13 Resistor 33k +/-5% 0402 63 mW
Added Member To Class: ClassName=RPI 3 Member=Component R14 Resistor 33k +/-5% 0402 63 mW
Added Member To Class: ClassName=RPI 3 Member=Component R15 Resistor 33k +/-5% 0402 63 mW
Added Member To Class: ClassName=RPI 3 Member=Component R16 Resistor 33k +/-5% 0402 63 mW
Add Class Member: Failed to add class member : Component R19 Resistor
Add Class Member: Failed to add class member : Component R20 Resistor
Add Class Member: Failed to add class member : Component R21 Resistor
Add Class Member: Failed to add class member : Component R22 Resistor
Add Class Member: Failed to add class member : Component R23 Resistor
Add Class Member: Failed to add class member : Component R24 Resistor
